<?xml version="1.0" encoding="UTF-8"?>
<testng-results skipped="0" failed="1" ignored="0" total="10" passed="9">
  <reporter-output>
  </reporter-output>
  <suite name="PetStoreTestSuite" duration-ms="10914" started-at="2021-06-26T19:54:24Z" finished-at="2021-06-26T19:54:35Z">
    <groups>
    </groups>
    <test name="GetPetStatus" duration-ms="3083" started-at="2021-06-26T19:54:24Z" finished-at="2021-06-26T19:54:27Z">
      <class name="GetPetStatus">
        <test-method status="PASS" signature="initTest()[pri:0, instance:GetPetStatus@3ee37e5a]" name="initTest" is-config="true" duration-ms="10" started-at="2021-06-26T19:54:24Z" finished-at="2021-06-26T19:54:24Z">
          <reporter-output>
          </reporter-output>
        </test-method> <!-- initTest -->
        <test-method status="PASS" signature="initializeVal()[pri:0, instance:GetPetStatus@3ee37e5a]" name="initializeVal" is-config="true" duration-ms="1" started-at="2021-06-26T19:54:24Z" finished-at="2021-06-26T19:54:24Z">
          <reporter-output>
          </reporter-output>
        </test-method> <!-- initializeVal -->
        <test-method status="PASS" signature="findStatus()[pri:1, instance:GetPetStatus@3ee37e5a]" name="findStatus" duration-ms="2480" started-at="2021-06-26T19:54:24Z" finished-at="2021-06-26T19:54:27Z">
          <reporter-output>
          </reporter-output>
        </test-method> <!-- findStatus -->
        <test-method status="PASS" signature="iterateAndPrintLionDetails()[pri:2, instance:GetPetStatus@3ee37e5a]" name="iterateAndPrintLionDetails" duration-ms="526" started-at="2021-06-26T19:54:27Z" depends-on-methods="GetPetStatus.findStatus" finished-at="2021-06-26T19:54:27Z">
          <reporter-output>
          </reporter-output>
        </test-method> <!-- iterateAndPrintLionDetails -->
        <test-method status="PASS" signature="validateStatusCode()[pri:2, instance:GetPetStatus@3ee37e5a]" name="validateStatusCode" duration-ms="22" started-at="2021-06-26T19:54:27Z" depends-on-methods="GetPetStatus.findStatus" finished-at="2021-06-26T19:54:27Z">
          <reporter-output>
          </reporter-output>
        </test-method> <!-- validateStatusCode -->
        <test-method status="FAIL" signature="validateTimeTaken()[pri:2, instance:GetPetStatus@3ee37e5a]" name="validateTimeTaken" duration-ms="23" started-at="2021-06-26T19:54:27Z" depends-on-methods="GetPetStatus.findStatus" finished-at="2021-06-26T19:54:27Z">
          <exception class="java.lang.AssertionError">
            <message>
              <![CDATA[1 expectation failed.
Expected response time was not a value less than <200L> milliseconds, was 2070 milliseconds (2070 milliseconds).]]>
            </message>
            <full-stacktrace>
              <![CDATA[java.lang.AssertionError: 1 expectation failed.
Expected response time was not a value less than <200L> milliseconds, was 2070 milliseconds (2070 milliseconds).
at sun.reflect.NativeConstructorAccessorImpl.newInstance0(Native Method)
at sun.reflect.NativeConstructorAccessorImpl.newInstance(NativeConstructorAccessorImpl.java:62)
at sun.reflect.DelegatingConstructorAccessorImpl.newInstance(DelegatingConstructorAccessorImpl.java:45)
at java.lang.reflect.Constructor.newInstance(Constructor.java:423)
at org.codehaus.groovy.reflection.CachedConstructor.invoke(CachedConstructor.java:72)
at org.codehaus.groovy.reflection.CachedConstructor.doConstructorInvoke(CachedConstructor.java:59)
at org.codehaus.groovy.runtime.callsite.ConstructorSite$ConstructorSiteNoUnwrap.callConstructor(ConstructorSite.java:84)
at org.codehaus.groovy.runtime.callsite.CallSiteArray.defaultCallConstructor(CallSiteArray.java:59)
at org.codehaus.groovy.runtime.callsite.AbstractCallSite.callConstructor(AbstractCallSite.java:263)
at org.codehaus.groovy.runtime.callsite.AbstractCallSite.callConstructor(AbstractCallSite.java:277)
at io.restassured.internal.ResponseSpecificationImpl$HamcrestAssertionClosure.validate(ResponseSpecificationImpl.groovy:493)
at io.restassured.internal.ResponseSpecificationImpl$HamcrestAssertionClosure$validate$1.call(Unknown Source)
at io.restassured.internal.ResponseSpecificationImpl.validateResponseIfRequired(ResponseSpecificationImpl.groovy:674)
at sun.reflect.NativeMethodAccessorImpl.invoke0(Native Method)
at sun.reflect.NativeMethodAccessorImpl.invoke(NativeMethodAccessorImpl.java:62)
at sun.reflect.DelegatingMethodAccessorImpl.invoke(DelegatingMethodAccessorImpl.java:43)
at java.lang.reflect.Method.invoke(Method.java:498)
at org.codehaus.groovy.runtime.callsite.PlainObjectMetaMethodSite.doInvoke(PlainObjectMetaMethodSite.java:43)
at org.codehaus.groovy.runtime.callsite.PogoMetaMethodSite$PogoCachedMethodSiteNoUnwrapNoCoerce.invoke(PogoMetaMethodSite.java:193)
at org.codehaus.groovy.runtime.callsite.PogoMetaMethodSite.callCurrent(PogoMetaMethodSite.java:61)
at org.codehaus.groovy.runtime.callsite.CallSiteArray.defaultCallCurrent(CallSiteArray.java:51)
at org.codehaus.groovy.runtime.callsite.AbstractCallSite.callCurrent(AbstractCallSite.java:171)
at org.codehaus.groovy.runtime.callsite.AbstractCallSite.callCurrent(AbstractCallSite.java:185)
at io.restassured.internal.ResponseSpecificationImpl.time(ResponseSpecificationImpl.groovy:118)
at io.restassured.internal.ValidatableResponseOptionsImpl.time(ValidatableResponseOptionsImpl.java:409)
at io.restassured.internal.ValidatableResponseImpl.super$2$time(ValidatableResponseImpl.groovy)
at sun.reflect.NativeMethodAccessorImpl.invoke0(Native Method)
at sun.reflect.NativeMethodAccessorImpl.invoke(NativeMethodAccessorImpl.java:62)
at sun.reflect.DelegatingMethodAccessorImpl.invoke(DelegatingMethodAccessorImpl.java:43)
at java.lang.reflect.Method.invoke(Method.java:498)
at org.codehaus.groovy.reflection.CachedMethod.invoke(CachedMethod.java:107)
at groovy.lang.MetaMethod.doMethodInvoke(MetaMethod.java:323)
at groovy.lang.MetaClassImpl.invokeMethod(MetaClassImpl.java:1268)
at org.codehaus.groovy.runtime.ScriptBytecodeAdapter.invokeMethodOnSuperN(ScriptBytecodeAdapter.java:144)
at io.restassured.internal.ValidatableResponseImpl.time(ValidatableResponseImpl.groovy:58)
at io.restassured.internal.ValidatableResponseImpl.time(ValidatableResponseImpl.groovy)
at BaseClass.validateResponseTime(BaseClass.java:43)
at GetPetStatus.validateTimeTaken(GetPetStatus.java:40)
at sun.reflect.NativeMethodAccessorImpl.invoke0(Native Method)
at sun.reflect.NativeMethodAccessorImpl.invoke(NativeMethodAccessorImpl.java:62)
at sun.reflect.DelegatingMethodAccessorImpl.invoke(DelegatingMethodAccessorImpl.java:43)
at java.lang.reflect.Method.invoke(Method.java:498)
at org.testng.internal.MethodInvocationHelper.invokeMethod(MethodInvocationHelper.java:124)
at org.testng.internal.Invoker.invokeMethod(Invoker.java:583)
at org.testng.internal.Invoker.invokeTestMethod(Invoker.java:719)
at org.testng.internal.Invoker.invokeTestMethods(Invoker.java:989)
at org.testng.internal.TestMethodWorker.invokeTestMethods(TestMethodWorker.java:125)
at org.testng.internal.TestMethodWorker.run(TestMethodWorker.java:109)
at org.testng.TestRunner.privateRun(TestRunner.java:648)
at org.testng.TestRunner.run(TestRunner.java:505)
at org.testng.SuiteRunner.runTest(SuiteRunner.java:455)
at org.testng.SuiteRunner.runSequentially(SuiteRunner.java:450)
at org.testng.SuiteRunner.privateRun(SuiteRunner.java:415)
at org.testng.SuiteRunner.run(SuiteRunner.java:364)
at org.testng.SuiteRunnerWorker.runSuite(SuiteRunnerWorker.java:52)
at org.testng.SuiteRunnerWorker.run(SuiteRunnerWorker.java:84)
at org.testng.TestNG.runSuitesSequentially(TestNG.java:1208)
at org.testng.TestNG.runSuitesLocally(TestNG.java:1137)
at org.testng.TestNG.runSuites(TestNG.java:1049)
at org.testng.TestNG.run(TestNG.java:1017)
at org.testng.IDEARemoteTestNG.run(IDEARemoteTestNG.java:73)
at org.testng.RemoteTestNGStarter.main(RemoteTestNGStarter.java:123)
]]>
            </full-stacktrace>
          </exception> <!-- java.lang.AssertionError -->
          <reporter-output>
          </reporter-output>
        </test-method> <!-- validateTimeTaken -->
      </class> <!-- GetPetStatus -->
    </test> <!-- GetPetStatus -->
    <test name="AddPetAndFindStatus" duration-ms="7813" started-at="2021-06-26T19:54:27Z" finished-at="2021-06-26T19:54:35Z">
      <class name="AddPetAndFindStatus">
        <test-method status="PASS" signature="initTest()[pri:0, instance:AddPetAndFindStatus@201a4587]" name="initTest" is-config="true" duration-ms="0" started-at="2021-06-26T19:54:27Z" finished-at="2021-06-26T19:54:27Z">
          <reporter-output>
          </reporter-output>
        </test-method> <!-- initTest -->
        <test-method status="PASS" signature="addNewAvailablePet()[pri:1, instance:AddPetAndFindStatus@201a4587]" name="addNewAvailablePet" duration-ms="1270" started-at="2021-06-26T19:54:27Z" finished-at="2021-06-26T19:54:28Z">
          <reporter-output>
          </reporter-output>
        </test-method> <!-- addNewAvailablePet -->
        <test-method status="PASS" signature="initialize()[pri:0, instance:AddPetAndFindStatus@201a4587]" name="initialize" is-config="true" duration-ms="0" started-at="2021-06-26T19:54:27Z" finished-at="2021-06-26T19:54:27Z">
          <reporter-output>
          </reporter-output>
        </test-method> <!-- initialize -->
        <test-method status="PASS" signature="findStatusByAvailable()[pri:2, instance:AddPetAndFindStatus@201a4587]" name="findStatusByAvailable" duration-ms="1530" started-at="2021-06-26T19:54:28Z" finished-at="2021-06-26T19:54:30Z">
          <reporter-output>
          </reporter-output>
        </test-method> <!-- findStatusByAvailable -->
        <test-method status="PASS" signature="addNewPendingPet()[pri:3, instance:AddPetAndFindStatus@201a4587]" name="addNewPendingPet" duration-ms="1248" started-at="2021-06-26T19:54:30Z" finished-at="2021-06-26T19:54:31Z">
          <reporter-output>
          </reporter-output>
        </test-method> <!-- addNewPendingPet -->
        <test-method status="PASS" signature="findStatusByPending()[pri:4, instance:AddPetAndFindStatus@201a4587]" name="findStatusByPending" duration-ms="1237" started-at="2021-06-26T19:54:31Z" finished-at="2021-06-26T19:54:32Z">
          <reporter-output>
          </reporter-output>
        </test-method> <!-- findStatusByPending -->
        <test-method status="PASS" signature="addNewSoldPet()[pri:5, instance:AddPetAndFindStatus@201a4587]" name="addNewSoldPet" duration-ms="1138" started-at="2021-06-26T19:54:32Z" finished-at="2021-06-26T19:54:34Z">
          <reporter-output>
          </reporter-output>
        </test-method> <!-- addNewSoldPet -->
        <test-method status="PASS" signature="findStatusBySold()[pri:6, instance:AddPetAndFindStatus@201a4587]" name="findStatusBySold" duration-ms="1384" started-at="2021-06-26T19:54:34Z" finished-at="2021-06-26T19:54:35Z">
          <reporter-output>
          </reporter-output>
        </test-method> <!-- findStatusBySold -->
      </class> <!-- AddPetAndFindStatus -->
    </test> <!-- AddPetAndFindStatus -->
  </suite> <!-- PetStoreTestSuite -->
</testng-results>
